<?xml version="1.0" encoding="UTF-8"?>
<!-- Generated by org.testng.reporters.JUnitXMLReporter -->
<testsuite ignored="0" hostname="Acer-ALG" failures="1" tests="20" name="API and UI Tests" time="36.442" errors="0" timestamp="2025-09-10T20:14:13 IST">
  <testcase classname="com.example.tests.api.ApiTests" name="getTodos_status200" time="4.642"/>
  <testcase classname="com.example.tests.api.ApiTests" name="getUsers_status200" time="4.642"/>
  <testcase classname="com.example.tests.api.ApiTests" name="getAlbums_status200" time="4.64"/>
  <testcase classname="com.example.tests.api.ApiTests" name="getPosts_status200" time="4.641"/>
  <testcase classname="com.example.tests.api.ApiTests" name="invalidEndpoint_404" time="5.204"/>
  <testcase classname="com.example.tests.api.ApiTests" name="createPost_returns201" time="5.462"/>
  <testcase classname="com.example.tests.api.ApiTests" name="getComments_post1" time="6.176"/>
  <testcase classname="com.example.tests.api.ApiTests" name="getUserById_1" time="10.182"/>
  <testcase classname="com.example.tests.api.ApiTests" name="getPostById_1" time="10.183"/>
  <testcase classname="com.example.tests.api.ApiTests" name="checkPostTitleNotEmpty" time="10.295"/>
  <testcase classname="com.example.tests.ui.UiTests" name="openWikipedia" time="5.251"/>
  <testcase classname="com.example.tests.ui.UiTests" name="navigateToAboutMozilla" time="5.626"/>
  <testcase classname="com.example.tests.ui.UiTests" name="openJsonPlaceholderHome" time="6.725"/>
  <testcase classname="com.example.tests.ui.UiTests" name="openGoogle_checkTitle" time="6.649"/>
  <testcase classname="com.example.tests.ui.UiTests" name="openYahoo" time="14.098"/>
  <testcase classname="com.example.tests.ui.UiTests" name="openExampleDotCom" time="18.149"/>
  <testcase classname="com.example.tests.ui.UiTests" name="openBing" time="19.441"/>
  <testcase classname="com.example.tests.ui.UiTests" name="openGithub_home" time="21.27"/>
  <testcase classname="com.example.tests.ui.UiTests" name="openDomainDotCom" time="21.473"/>
  <testcase classname="com.example.tests.ui.UiTests" name="openStackOverflow" time="25.687">
    <failure type="java.lang.AssertionError" message="expected [true] but found [false]">
      <![CDATA[java.lang.AssertionError: expected [true] but found [false]
at com.example.tests.ui.UiTests.openStackOverflow(UiTests.java:50)
at java.base/java.util.concurrent.Executors$RunnableAdapter.call(Executors.java:545)
at java.base/java.util.concurrent.FutureTask.run(FutureTask.java:328)
at java.base/java.util.concurrent.ThreadPoolExecutor.runWorker(ThreadPoolExecutor.java:1095)
at java.base/java.util.concurrent.ThreadPoolExecutor$Worker.run(ThreadPoolExecutor.java:619)
at java.base/java.lang.Thread.run(Thread.java:1447)
... Removed 15 stack frames]]>
    </failure>
  </testcase> <!-- openStackOverflow -->
</testsuite> <!-- API and UI Tests -->
