<?xml version="1.0" encoding="UTF-8"?>
<testsuite xmlns:xsi="http://www.w3.org/2001/XMLSchema-instance" xsi:noNamespaceSchemaLocation="https://maven.apache.org/surefire/maven-surefire-plugin/xsd/surefire-test-report-3.0.xsd" version="3.0" name="TestSuite" time="37.569" tests="20" errors="0" skipped="0" failures="1">
  <properties>
[...]
</properties>
  <testcase name="getTodos_status200" classname="com.example.tests.api.ApiTests" time="5.937">
    <system-err><![CDATA[SLF4J: Failed to load class "org.slf4j.impl.StaticLoggerBinder".
SLF4J: Defaulting to no-operation (NOP) logger implementation
SLF4J: See http://www.slf4j.org/codes.html#StaticLoggerBinder for further details.
Failed to write CSV: ${reports.dir}\results.csv (The process cannot access the file because it is being used by another process)
]]></system-err>
  </testcase>
  <testcase name="getUsers_status200" classname="com.example.tests.api.ApiTests" time="6.429">
    <system-err><![CDATA[Failed to write CSV: ${reports.dir}\results.csv (The process cannot access the file because it is being used by another process)
]]></system-err>
  </testcase>
  <testcase name="getAlbums_status200" classname="com.example.tests.api.ApiTests" time="6.809">
    <system-err><![CDATA[Failed to write CSV: ${reports.dir}\results.csv (The process cannot access the file because it is being used by another process)
]]></system-err>
  </testcase>
  <testcase name="getPosts_status200" classname="com.example.tests.api.ApiTests" time="7.109">
    <system-err><![CDATA[Failed to write CSV: ${reports.dir}\results.csv (The process cannot access the file because it is being used by another process)
]]></system-err>
  </testcase>
  <testcase name="invalidEndpoint_404" classname="com.example.tests.api.ApiTests" time="7.253">
    <system-err><![CDATA[Failed to write CSV: ${reports.dir}\results.csv (The process cannot access the file because it is being used by another process)
]]></system-err>
  </testcase>
  <testcase name="createPost_returns201" classname="com.example.tests.api.ApiTests" time="7.509">
    <system-err><![CDATA[Failed to write CSV: ${reports.dir}\results.csv (The process cannot access the file because it is being used by another process)
]]></system-err>
  </testcase>
  <testcase name="getComments_post1" classname="com.example.tests.api.ApiTests" time="7.54">
    <system-err><![CDATA[Failed to write CSV: ${reports.dir}\results.csv (The process cannot access the file because it is being used by another process)
]]></system-err>
  </testcase>
  <testcase name="getUserById_1" classname="com.example.tests.api.ApiTests" time="1.317">
    <system-err><![CDATA[Sept 10, 2025 8:13:46 PM org.openqa.selenium.devtools.CdpVersionFinder findNearestMatch
WARNING: Unable to find CDP implementation matching 139
Sept 10, 2025 8:13:46 PM org.openqa.selenium.devtools.CdpVersionFinder findNearestMatch
WARNING: Unable to find CDP implementation matching 139
Sept 10, 2025 8:13:46 PM org.openqa.selenium.chromium.ChromiumDriver lambda$new$5
WARNING: Unable to find version of CDP to use for 139.0.7258.155. You may need to include a dependency on a specific version of the CDP using something similar to `org.seleniumhq.selenium:selenium-devtools-v86:4.23.0` where the version ("v86") matches the version of the chromium-based browser you're using and the version number of the artifact is the same as Selenium's.
Sept 10, 2025 8:13:46 PM org.openqa.selenium.devtools.CdpVersionFinder findNearestMatch
WARNING: Unable to find CDP implementation matching 139
Sept 10, 2025 8:13:46 PM org.openqa.selenium.chromium.ChromiumDriver lambda$new$5
WARNING: Unable to find version of CDP to use for 139.0.7258.155. You may need to include a dependency on a specific version of the CDP using something similar to `org.seleniumhq.selenium:selenium-devtools-v86:4.23.0` where the version ("v86") matches the version of the chromium-based browser you're using and the version number of the artifact is the same as Selenium's.
Sept 10, 2025 8:13:46 PM org.openqa.selenium.devtools.CdpVersionFinder findNearestMatch
WARNING: Unable to find CDP implementation matching 139
Sept 10, 2025 8:13:46 PM org.openqa.selenium.chromium.ChromiumDriver lambda$new$5
WARNING: Unable to find version of CDP to use for 139.0.7258.155. You may need to include a dependency on a specific version of the CDP using something similar to `org.seleniumhq.selenium:selenium-devtools-v86:4.23.0` where the version ("v86") matches the version of the chromium-based browser you're using and the version number of the artifact is the same as Selenium's.
Sept 10, 2025 8:13:46 PM org.openqa.selenium.chromium.ChromiumDriver lambda$new$5
WARNING: Unable to find version of CDP to use for 139.0.7258.155. You may need to include a dependency on a specific version of the CDP using something similar to `org.seleniumhq.selenium:selenium-devtools-v86:4.23.0` where the version ("v86") matches the version of the chromium-based browser you're using and the version number of the artifact is the same as Selenium's.
Sept 10, 2025 8:13:46 PM org.openqa.selenium.devtools.CdpVersionFinder findNearestMatch
WARNING: Unable to find CDP implementation matching 139
Sept 10, 2025 8:13:46 PM org.openqa.selenium.chromium.ChromiumDriver lambda$new$5
WARNING: Unable to find version of CDP to use for 139.0.7258.155. You may need to include a dependency on a specific version of the CDP using something similar to `org.seleniumhq.selenium:selenium-devtools-v86:4.23.0` where the version ("v86") matches the version of the chromium-based browser you're using and the version number of the artifact is the same as Selenium's.
Sept 10, 2025 8:13:47 PM org.openqa.selenium.devtools.CdpVersionFinder findNearestMatch
WARNING: Unable to find CDP implementation matching 139
Sept 10, 2025 8:13:47 PM org.openqa.selenium.chromium.ChromiumDriver lambda$new$5
WARNING: Unable to find version of CDP to use for 139.0.7258.155. You may need to include a dependency on a specific version of the CDP using something similar to `org.seleniumhq.selenium:selenium-devtools-v86:4.23.0` where the version ("v86") matches the version of the chromium-based browser you're using and the version number of the artifact is the same as Selenium's.
Sept 10, 2025 8:13:47 PM org.openqa.selenium.devtools.CdpVersionFinder findNearestMatch
WARNING: Unable to find CDP implementation matching 139
Sept 10, 2025 8:13:47 PM org.openqa.selenium.devtools.CdpVersionFinder findNearestMatch
WARNING: Unable to find CDP implementation matching 139
Sept 10, 2025 8:13:47 PM org.openqa.selenium.chromium.ChromiumDriver lambda$new$5
WARNING: Unable to find version of CDP to use for 139.0.7258.155. You may need to include a dependency on a specific version of the CDP using something similar to `org.seleniumhq.selenium:selenium-devtools-v86:4.23.0` where the version ("v86") matches the version of the chromium-based browser you're using and the version number of the artifact is the same as Selenium's.
Sept 10, 2025 8:13:47 PM org.openqa.selenium.chromium.ChromiumDriver lambda$new$5
WARNING: Unable to find version of CDP to use for 139.0.7258.155. You may need to include a dependency on a specific version of the CDP using something similar to `org.seleniumhq.selenium:selenium-devtools-v86:4.23.0` where the version ("v86") matches the version of the chromium-based browser you're using and the version number of the artifact is the same as Selenium's.
Sept 10, 2025 8:13:47 PM org.openqa.selenium.devtools.CdpVersionFinder findNearestMatch
WARNING: Unable to find CDP implementation matching 139
Sept 10, 2025 8:13:47 PM org.openqa.selenium.chromium.ChromiumDriver lambda$new$5
WARNING: Unable to find version of CDP to use for 139.0.7258.155. You may need to include a dependency on a specific version of the CDP using something similar to `org.seleniumhq.selenium:selenium-devtools-v86:4.23.0` where the version ("v86") matches the version of the chromium-based browser you're using and the version number of the artifact is the same as Selenium's.
Sept 10, 2025 8:13:47 PM org.openqa.selenium.devtools.CdpVersionFinder findNearestMatch
WARNING: Unable to find CDP implementation matching 139
Sept 10, 2025 8:13:47 PM org.openqa.selenium.chromium.ChromiumDriver lambda$new$5
WARNING: Unable to find version of CDP to use for 139.0.7258.155. You may need to include a dependency on a specific version of the CDP using something similar to `org.seleniumhq.selenium:selenium-devtools-v86:4.23.0` where the version ("v86") matches the version of the chromium-based browser you're using and the version number of the artifact is the same as Selenium's.
Failed to write CSV: ${reports.dir}\results.csv (The process cannot access the file because it is being used by another process)
]]></system-err>
  </testcase>
  <testcase name="getPostById_1" classname="com.example.tests.api.ApiTests" time="1.434">
    <system-err><![CDATA[Failed to write CSV: ${reports.dir}\results.csv (The process cannot access the file because it is being used by another process)
]]></system-err>
  </testcase>
  <testcase name="checkPostTitleNotEmpty" classname="com.example.tests.api.ApiTests" time="1.618">
    <system-err><![CDATA[Failed to write CSV: ${reports.dir}\results.csv (The process cannot access the file because it is being used by another process)
]]></system-err>
  </testcase>
  <testcase name="openWikipedia" classname="com.example.tests.ui.UiTests" time="4.307">
    <system-err><![CDATA[Failed to write CSV: ${reports.dir}\results.csv (The process cannot access the file because it is being used by another process)
]]></system-err>
  </testcase>
  <testcase name="navigateToAboutMozilla" classname="com.example.tests.ui.UiTests" time="4.746">
    <system-err><![CDATA[Failed to write CSV: ${reports.dir}\results.csv (The process cannot access the file because it is being used by another process)
]]></system-err>
  </testcase>
  <testcase name="openJsonPlaceholderHome" classname="com.example.tests.ui.UiTests" time="5.761">
    <system-err><![CDATA[Failed to write CSV: ${reports.dir}\results.csv (The process cannot access the file because it is being used by another process)
]]></system-err>
  </testcase>
  <testcase name="openGoogle_checkTitle" classname="com.example.tests.ui.UiTests" time="5.779">
    <system-err><![CDATA[Failed to write CSV: ${reports.dir}\results.csv (The process cannot access the file because it is being used by another process)
]]></system-err>
  </testcase>
  <testcase name="openYahoo" classname="com.example.tests.ui.UiTests" time="13.017">
    <system-err><![CDATA[Failed to write CSV: ${reports.dir}\results.csv (The process cannot access the file because it is being used by another process)
]]></system-err>
  </testcase>
  <testcase name="openExampleDotCom" classname="com.example.tests.ui.UiTests" time="17.349">
    <system-err><![CDATA[Failed to write CSV: ${reports.dir}\results.csv (The process cannot access the file because it is being used by another process)
]]></system-err>
  </testcase>
  <testcase name="openBing" classname="com.example.tests.ui.UiTests" time="18.459">
    <system-err><![CDATA[Failed to write CSV: ${reports.dir}\results.csv (The process cannot access the file because it is being used by another process)
]]></system-err>
  </testcase>
  <testcase name="openGithub_home" classname="com.example.tests.ui.UiTests" time="20.438">
    <system-err><![CDATA[Failed to write CSV: ${reports.dir}\results.csv (The process cannot access the file because it is being used by another process)
]]></system-err>
  </testcase>
  <testcase name="openDomainDotCom" classname="com.example.tests.ui.UiTests" time="20.742">
    <system-err><![CDATA[Failed to write CSV: ${reports.dir}\results.csv (The process cannot access the file because it is being used by another process)
]]></system-err>
  </testcase>
  <testcase name="openStackOverflow" classname="com.example.tests.ui.UiTests" time="24.965">
    <failure message="expected [true] but found [false]" type="java.lang.AssertionError"><![CDATA[java.lang.AssertionError: expected [true] but found [false]
	at org.testng.Assert.fail(Assert.java:111)
	at org.testng.Assert.failNotEquals(Assert.java:1578)
	at org.testng.Assert.assertTrue(Assert.java:57)
	at org.testng.Assert.assertTrue(Assert.java:67)
	at com.example.tests.ui.UiTests.openStackOverflow(UiTests.java:50)
	at java.base/jdk.internal.reflect.DirectMethodHandleAccessor.invoke(DirectMethodHandleAccessor.java:104)
	at java.base/java.lang.reflect.Method.invoke(Method.java:565)
	at org.testng.internal.invokers.MethodInvocationHelper.invokeMethod(MethodInvocationHelper.java:141)
	at org.testng.internal.invokers.TestInvoker.invokeMethod(TestInvoker.java:686)
	at org.testng.internal.invokers.TestInvoker.invokeTestMethod(TestInvoker.java:230)
	at org.testng.internal.invokers.MethodRunner.runInSequence(MethodRunner.java:63)
	at org.testng.internal.invokers.TestInvoker$MethodInvocationAgent.invoke(TestInvoker.java:992)
	at org.testng.internal.invokers.TestInvoker.invokeTestMethods(TestInvoker.java:203)
	at org.testng.internal.invokers.TestMethodWorker.invokeTestMethods(TestMethodWorker.java:154)
	at org.testng.internal.invokers.TestMethodWorker.run(TestMethodWorker.java:134)
	at java.base/java.util.concurrent.Executors$RunnableAdapter.call(Executors.java:545)
	at java.base/java.util.concurrent.FutureTask.run(FutureTask.java:328)
	at org.testng.internal.thread.graph.TestNGFutureTask.run(TestNGFutureTask.java:22)
	at java.base/java.util.concurrent.ThreadPoolExecutor.runWorker(ThreadPoolExecutor.java:1095)
	at java.base/java.util.concurrent.ThreadPoolExecutor$Worker.run(ThreadPoolExecutor.java:619)
	at java.base/java.lang.Thread.run(Thread.java:1447)
]]></failure>
    <system-err><![CDATA[Failed to write CSV: ${reports.dir}\results.csv (The process cannot access the file because it is being used by another process)
]]></system-err>
  </testcase>
</testsuite>